<?xml version="1.0" encoding="UTF-8"?>
<testsuite name="com.example.project.TestSpellChecker" tests="5" skipped="0" failures="0" errors="0" timestamp="2025-02-14T17:27:48" hostname="codespaces-cceac6" time="0.933">
  <properties/>
  <testcase name="testLinearSearchInList()" classname="com.example.project.TestSpellChecker" time="0.024"/>
  <testcase name="testBinarySearchInList2()" classname="com.example.project.TestSpellChecker" time="0.005"/>
  <testcase name="testBinarySearchNotInList()" classname="com.example.project.TestSpellChecker" time="0.003"/>
  <testcase name="testLinearSearchNotInList()" classname="com.example.project.TestSpellChecker" time="0.027"/>
  <testcase name="testBinarySearchInList()" classname="com.example.project.TestSpellChecker" time="0.005"/>
  <system-out><![CDATA[
dictionary.txt file imported successfully!
-- LINEAR SEARCH: Number of words checked (loop iterations): 44357

dictionary.txt file imported successfully!
-- BINARY SEARCH: Number of words checked (loop iterations): 1

dictionary.txt file imported successfully!
-- BINARY SEARCH: Number of words checked (loop iterations): 17

dictionary.txt file imported successfully!
-- LINEAR SEARCH: Number of words checked (loop iterations): 127143

dictionary.txt file imported successfully!
-- BINARY SEARCH: Number of words checked (loop iterations): 16
]]></system-out>
  <system-err><![CDATA[]]></system-err>
</testsuite>
